<?xml version="1.0" encoding="UTF-8"?>
<!-- Generated by org.testng.reporters.JUnitReportReporter -->
<testsuite skipped="0" hostname="RITESH-PC" name="com.employeeapi.testcases.TC002_PostEmployee" tests="1" failures="0" timestamp="2020-03-19T20:57:13 IST" time="0.004" errors="0">
  <testcase name="responseBody" time="0.004" classname="com.employeeapi.testcases.TC002_PostEmployee"/>
  <system-out/>
</testsuite> <!-- com.employeeapi.testcases.TC002_PostEmployee -->
